
ROM used: 168 (1%)
          168 (1%) including unused fragments

          0 Average locations per line
          8 Average locations per statement

RAM used: 6 (0%) at main() level
          6 (0%) worst case

Stack used: 0 worst case (out of 31 total available)

Lines Stmts  %   Files
----- ----- ---  -----
   38    20 100  ADC_and_LED_blink.c
   37     0   0  ADC_and_LED_blink.h
  430     0   0  ..\..\..\..\..\..\..\Program Files (x86)\PICC\devices\18F4550.h
----- -----
  505    20 Total

Page ROM  %  RAM   Vol Diff  Functions:
---- --- --- ---   --- ----  ----------
0    164  49   0   452  4.7  main

Program metrics:
    Functions               1
    Statements              20
    Comments                105
    Volume (V)              452
    Difficilty (D)          4.7
    Effort to implement (E) 2143
    Time to implement (T)   2 minutes
    Est Delivered Bugs (B)  0
    Cyclomatic Complexity   1
    Maintainability (MI)    82

 Segment     Used  Free
-----------  ----  ----
00000-00002     4  0  
00004-07FFE   164  32600  



